display-im6.q16: unable to open image `/home/sebbbasdl/Documentos/reporte2.jpg': No such file or directory @ error/blob.c/OpenBlob/2874.
display-im6.q16: no decode delegate for this image format `' @ error/constitute.c/ReadImage/560.
display-im6.q16: unable to open image `/home/sebbbasdl/Documentos/reporte2.jpg': No such file or directory @ error/blob.c/OpenBlob/2874.
display-im6.q16: no decode delegate for this image format `' @ error/constitute.c/ReadImage/560.
display-im6.q16: unable to open image `/home/sebbbasdl/Documentos/reporte2.jpg': No such file or directory @ error/blob.c/OpenBlob/2874.
display-im6.q16: no decode delegate for this image format `' @ error/constitute.c/ReadImage/560.
display-im6.q16: unable to open image `/home/sebbbasdl/Documentos/reporte2.jpg': No such file or directory @ error/blob.c/OpenBlob/2874.
display-im6.q16: no decode delegate for this image format `' @ error/constitute.c/ReadImage/560.
display-im6.q16: unable to open image `/home/sebbbasdl/Documentos/reporte2.jpg': No such file or directory @ error/blob.c/OpenBlob/2874.
display-im6.q16: no decode delegate for this image format `' @ error/constitute.c/ReadImage/560.
display-im6.q16: unable to open image `/home/sebbbasdl/Documentos/reporte2.jpg': No such file or directory @ error/blob.c/OpenBlob/2874.
display-im6.q16: no decode delegate for this image format `' @ error/constitute.c/ReadImage/560.
display-im6.q16: unable to open image `/home/sebbbasdl/Documentos/reporte3.jpg': No such file or directory @ error/blob.c/OpenBlob/2874.
display-im6.q16: no decode delegate for this image format `' @ error/constitute.c/ReadImage/560.
display-im6.q16: unable to open image `/home/sebbbasdl/archivos/fase1/reportes/Reporte1MBRDisco3.jpg': No such file or directory @ error/blob.c/OpenBlob/2874.
display-im6.q16: no decode delegate for this image format `' @ error/constitute.c/ReadImage/560.
display-im6.q16: unable to open image `/home/sebbbasdl/archivos/fase1/reporteMBRDisco1.jpg': No such file or directory @ error/blob.c/OpenBlob/2874.
display-im6.q16: no decode delegate for this image format `' @ error/constitute.c/ReadImage/560.
display-im6.q16: unable to open image `/home/sebbbasdl/archivos/fase1/reporteDISKDISCO1.jpg': No such file or directory @ error/blob.c/OpenBlob/2874.
display-im6.q16: no decode delegate for this image format `' @ error/constitute.c/ReadImage/560.
display-im6.q16: unable to open image `/home/sebbbasdl/archivos/fase1/reporteMBRDisco1.jpg': No such file or directory @ error/blob.c/OpenBlob/2874.
display-im6.q16: no decode delegate for this image format `' @ error/constitute.c/ReadImage/560.
display-im6.q16: unable to open image `/home/sebbbasdl/archivos/fase1/reporteDISKDISCO1.jpg': No such file or directory @ error/blob.c/OpenBlob/2874.
display-im6.q16: no decode delegate for this image format `' @ error/constitute.c/ReadImage/560.
display-im6.q16: unable to open image `/home/sebbbasdl/archivos/fase1/reporteMBRDisco1.1.jpg': No such file or directory @ error/blob.c/OpenBlob/2874.
display-im6.q16: no decode delegate for this image format `' @ error/constitute.c/ReadImage/560.
display-im6.q16: unable to open image `/home/sebbbasdl/archivos/fase1/reporteMBRDisco1.jpg': No such file or directory @ error/blob.c/OpenBlob/2874.
display-im6.q16: no decode delegate for this image format `' @ error/constitute.c/ReadImage/560.
display-im6.q16: unable to open image `/home/sebbbasdl/archivos/fase1/reporteDISKDISCO1.jpg': No such file or directory @ error/blob.c/OpenBlob/2874.
display-im6.q16: no decode delegate for this image format `' @ error/constitute.c/ReadImage/560.
display-im6.q16: unable to open image `/home/sebbbasdl/archivos/fase1/reporteMBRDisco1.jpg': No such file or directory @ error/blob.c/OpenBlob/2874.
display-im6.q16: no decode delegate for this image format `' @ error/constitute.c/ReadImage/560.
display-im6.q16: unable to open image `/home/sebbbasdl/archivos/fase1/reporteDISKDISCO1.jpg': No such file or directory @ error/blob.c/OpenBlob/2874.
display-im6.q16: no decode delegate for this image format `' @ error/constitute.c/ReadImage/560.
X connection to :0 broken (explicit kill or server shutdown).
X connection to :0 broken (explicit kill or server shutdown).
X connection to :0 broken (explicit kill or server shutdown).
X connection to :0 broken (explicit kill or server shutdown).
display-im6.q16: unable to open image `/home/sebbbasdl/archivos/fase1/reporteDISKDISCO1.jpg': No such file or directory @ error/blob.c/OpenBlob/2874.
display-im6.q16: no decode delegate for this image format `' @ error/constitute.c/ReadImage/560.
display-im6.q16: unable to open image `/home/sebbbasdl/archivos/fase1/reporteDISKDISCO1.jpg': No such file or directory @ error/blob.c/OpenBlob/2874.
display-im6.q16: no decode delegate for this image format `' @ error/constitute.c/ReadImage/560.
display-im6.q16: unable to open image `/home/sebbbasdl/archivos/fase1/reporteDISKDISCO1.jpg': No such file or directory @ error/blob.c/OpenBlob/2874.
display-im6.q16: no decode delegate for this image format `' @ error/constitute.c/ReadImage/560.
display-im6.q16: unable to open image `/home/sebbbasdl/archivos/fase1/reporteDISKDISCO1.jpg': No such file or directory @ error/blob.c/OpenBlob/2874.
display-im6.q16: no decode delegate for this image format `' @ error/constitute.c/ReadImage/560.
display-im6.q16: unable to open image `/home/sebbbasdl/archivos/fase1/reporteDISKDISCO1.jpg': No such file or directory @ error/blob.c/OpenBlob/2874.
display-im6.q16: no decode delegate for this image format `' @ error/constitute.c/ReadImage/560.
display-im6.q16: unable to open image `/home/sebbbasdl/Documentos/reporte2.jpg': No such file or directory @ error/blob.c/OpenBlob/2874.
display-im6.q16: no decode delegate for this image format `' @ error/constitute.c/ReadImage/560.
display-im6.q16: unable to open image `/home/sebbbasdl/Documentos/reporte2.jpg': No such file or directory @ error/blob.c/OpenBlob/2874.
display-im6.q16: no decode delegate for this image format `' @ error/constitute.c/ReadImage/560.
display-im6.q16: unable to open image `/home/sebbbasdl/Documentos/reporte2.jpg': No such file or directory @ error/blob.c/OpenBlob/2874.
display-im6.q16: no decode delegate for this image format `' @ error/constitute.c/ReadImage/560.
display-im6.q16: unable to open image `/home/sebbbasdl/Documentos/prueba/reporte2.jpg': No such file or directory @ error/blob.c/OpenBlob/2874.
display-im6.q16: no decode delegate for this image format `' @ error/constitute.c/ReadImage/560.
display-im6.q16: unable to open image `/home/sebbbasdl/Documentos/reporte2.jpg': No such file or directory @ error/blob.c/OpenBlob/2874.
display-im6.q16: no decode delegate for this image format `' @ error/constitute.c/ReadImage/560.
display-im6.q16: unable to open image `/home/sebbbasdl/Documentos/reporte2.jpg': No such file or directory @ error/blob.c/OpenBlob/2874.
display-im6.q16: no decode delegate for this image format `' @ error/constitute.c/ReadImage/560.
display-im6.q16: unable to open image `/home/sebbbasdl/Documentos/reporte2.jpg': No such file or directory @ error/blob.c/OpenBlob/2874.
display-im6.q16: no decode delegate for this image format `' @ error/constitute.c/ReadImage/560.
display-im6.q16: unable to open image `/home/sebbbasdl/Documentos/reporte2.jpg': No such file or directory @ error/blob.c/OpenBlob/2874.
display-im6.q16: no decode delegate for this image format `' @ error/constitute.c/ReadImage/560.
display-im6.q16: unable to open image `/home/sebbbasdl/Documentos/reporte2.jpg': No such file or directory @ error/blob.c/OpenBlob/2874.
display-im6.q16: no decode delegate for this image format `' @ error/constitute.c/ReadImage/560.
display-im6.q16: unable to open image `/home/sebbbasdl/Documentos/reporte2.jpg': No such file or directory @ error/blob.c/OpenBlob/2874.
display-im6.q16: no decode delegate for this image format `' @ error/constitute.c/ReadImage/560.
display-im6.q16: unable to open image `/home/sebbbasdl/Documentos/reporte2.jpg': No such file or directory @ error/blob.c/OpenBlob/2874.
display-im6.q16: no decode delegate for this image format `' @ error/constitute.c/ReadImage/560.
display-im6.q16: unable to open image `/home/sebbbasdl/Documentos/reporte2.jpg': No such file or directory @ error/blob.c/OpenBlob/2874.
display-im6.q16: no decode delegate for this image format `' @ error/constitute.c/ReadImage/560.
display-im6.q16: unable to open image `/home/sebbbasdl/Documentos/reporte2.jpg': No such file or directory @ error/blob.c/OpenBlob/2874.
display-im6.q16: no decode delegate for this image format `' @ error/constitute.c/ReadImage/560.
display-im6.q16: unable to open image `/home/sebbbasdl/Documentos/reporte2.jpg': No such file or directory @ error/blob.c/OpenBlob/2874.
display-im6.q16: no decode delegate for this image format `' @ error/constitute.c/ReadImage/560.
display-im6.q16: unable to open image `/home/sebbbasdl/Documentos/reporte2.jpg': No such file or directory @ error/blob.c/OpenBlob/2874.
display-im6.q16: no decode delegate for this image format `' @ error/constitute.c/ReadImage/560.
display-im6.q16: unable to open image `/home/sebbbasdl/Documentos/reporte2.jpg': No such file or directory @ error/blob.c/OpenBlob/2874.
display-im6.q16: no decode delegate for this image format `' @ error/constitute.c/ReadImage/560.
display-im6.q16: unable to open image `/home/sebbbasdl/Documentos/reporte2.jpg': No such file or directory @ error/blob.c/OpenBlob/2874.
display-im6.q16: no decode delegate for this image format `' @ error/constitute.c/ReadImage/560.
display-im6.q16: unable to open image `/home/sebbbasdl/Documentos/reporte2.jpg': No such file or directory @ error/blob.c/OpenBlob/2874.
display-im6.q16: no decode delegate for this image format `' @ error/constitute.c/ReadImage/560.
display-im6.q16: unable to open image `/home/sebbbasdl/Documentos/reporte2.jpg': No such file or directory @ error/blob.c/OpenBlob/2874.
display-im6.q16: no decode delegate for this image format `' @ error/constitute.c/ReadImage/560.
display-im6.q16: unable to open image `/home/sebbbasdl/Documentos/reporte2.jpg': No such file or directory @ error/blob.c/OpenBlob/2874.
display-im6.q16: no decode delegate for this image format `' @ error/constitute.c/ReadImage/560.
display-im6.q16: unable to open image `/home/sebbbasdl/Documentos/reporte2.jpg': No such file or directory @ error/blob.c/OpenBlob/2874.
display-im6.q16: no decode delegate for this image format `' @ error/constitute.c/ReadImage/560.
display-im6.q16: unable to open image `/home/sebbbasdl/Documentos/reporte2.jpg': No such file or directory @ error/blob.c/OpenBlob/2874.
display-im6.q16: no decode delegate for this image format `' @ error/constitute.c/ReadImage/560.
display-im6.q16: unable to open image `/home/sebbbasdl/Documentos/reporte2.jpg': No such file or directory @ error/blob.c/OpenBlob/2874.
display-im6.q16: no decode delegate for this image format `' @ error/constitute.c/ReadImage/560.
display-im6.q16: unable to open image `/home/sebbbasdl/Documentos/reporte2.jpg': No such file or directory @ error/blob.c/OpenBlob/2874.
display-im6.q16: no decode delegate for this image format `' @ error/constitute.c/ReadImage/560.
display-im6.q16: unable to open image `/home/sebbbasdl/Documentos/reporte2.jpg': No such file or directory @ error/blob.c/OpenBlob/2874.
display-im6.q16: no decode delegate for this image format `' @ error/constitute.c/ReadImage/560.
display-im6.q16: unable to open image `/home/sebbbasdl/Documentos/reporte2.jpg': No such file or directory @ error/blob.c/OpenBlob/2874.
display-im6.q16: no decode delegate for this image format `' @ error/constitute.c/ReadImage/560.
display-im6.q16: unable to open image `/home/sebbbasdl/Documentos/reporte2.jpg': No such file or directory @ error/blob.c/OpenBlob/2874.
display-im6.q16: no decode delegate for this image format `' @ error/constitute.c/ReadImage/560.
display-im6.q16: unable to open image `/home/sebbbasdl/Documentos/reporte2.jpg': No such file or directory @ error/blob.c/OpenBlob/2874.
display-im6.q16: no decode delegate for this image format `' @ error/constitute.c/ReadImage/560.
display-im6.q16: unable to open image `/home/sebbbasdl/Documentos/reporte2.jpg': No such file or directory @ error/blob.c/OpenBlob/2874.
display-im6.q16: no decode delegate for this image format `' @ error/constitute.c/ReadImage/560.
display-im6.q16: unable to open image `/home/sebbbasdl/Documentos/reporte2.jpg': No such file or directory @ error/blob.c/OpenBlob/2874.
display-im6.q16: no decode delegate for this image format `' @ error/constitute.c/ReadImage/560.
display-im6.q16: unable to open image `/home/sebbbasdl/Documentos/reporte2.jpg': No such file or directory @ error/blob.c/OpenBlob/2874.
display-im6.q16: no decode delegate for this image format `' @ error/constitute.c/ReadImage/560.
display-im6.q16: unable to open image `/home/sebbbasdl/Documentos/reporte2.jpg': No such file or directory @ error/blob.c/OpenBlob/2874.
display-im6.q16: no decode delegate for this image format `' @ error/constitute.c/ReadImage/560.
display-im6.q16: unable to open image `/home/sebbbasdl/Documentos/reporte2.jpg': No such file or directory @ error/blob.c/OpenBlob/2874.
display-im6.q16: no decode delegate for this image format `' @ error/constitute.c/ReadImage/560.
display-im6.q16: unable to open image `/home/sebbbasdl/Documentos/reporte.jpg': No such file or directory @ error/blob.c/OpenBlob/2874.
display-im6.q16: no decode delegate for this image format `' @ error/constitute.c/ReadImage/560.
display-im6.q16: unable to open image `/home/sebbbasdl/Documentos/reporte.jpg': No such file or directory @ error/blob.c/OpenBlob/2874.
display-im6.q16: no decode delegate for this image format `' @ error/constitute.c/ReadImage/560.
display-im6.q16: unable to open image `/home/sebbbasdl/Documentos/reporte.jpg': No such file or directory @ error/blob.c/OpenBlob/2874.
display-im6.q16: no decode delegate for this image format `' @ error/constitute.c/ReadImage/560.
display-im6.q16: unable to open image `/home/sebbbasdl/Documentos/reporte.png': No such file or directory @ error/blob.c/OpenBlob/2874.
display-im6.q16: no decode delegate for this image format `' @ error/constitute.c/ReadImage/560.
